Arguments: 
  /usr/local/bin/node /usr/local/bin/yarn

PATH: 
  /Library/Frameworks/Python.framework/Versions/2.7/bin:/Library/Frameworks/Python.framework/Versions/2.7/bin:/Library/Frameworks/Python.framework/Versions/3.5/bin:/Users/Farah/bin:/Users/Farah/.rvm/gems/ruby-2.3.0/bin:/Users/Farah/.rvm/gems/ruby-2.3.0@global/bin:/Users/Farah/.rvm/rubies/ruby-2.3.0/bin:/usr/local/bin:/usr/bin:/bin:/usr/sbin:/sbin:/usr/local/go/bin:/Users/Farah/.rvm/bin:/usr/Farah/gcc-arm/bin

Yarn version: 
  1.3.2

Node version: 
  10.13.0

Platform: 
  darwin x64

npm manifest: 
  {
    "name": "af-snippet",
    "version": "0.0.1",
    "scripts": {
      "ng": "ng",
      "start": "ng serve --aot --e=prod",
      "build": "ng build --prod",
      "test": "ng test",
      "lint": "ng lint",
      "e2e": "ng e2e"
    },
    "private": true,
    "dependencies": {
      "@angular/animations": "^5.2.0",
      "@angular/common": "^5.2.0",
      "@angular/compiler": "^5.2.0",
      "@angular/core": "^5.2.0",
      "@angular/forms": "^5.2.0",
      "@angular/http": "^5.2.0",
      "@angular/platform-browser": "^5.2.0",
      "@angular/platform-browser-dynamic": "^5.2.0",
      "@angular/router": "^5.2.0",
      "@ng-bootstrap/ng-bootstrap": "^1.0.0",
      "angular2-highlight-js": "^6.0.1-alpha",
      "angular2-uuid": "^1.1.1",
      "angularfire2": "^5.0.0-rc.6",
      "bootstrap": "^4.0.0",
      "core-js": "^2.4.1",
      "firebase": "^4.10.0",
      "firebase-functions": "^0.8.1",
      "font-awesome": "^4.7.0",
      "instantsearch.js": "^2.5.1",
      "luxon": "^0.4.0",
      "moment": "^2.20.1",
      "moment-timezone": "^0.5.14",
      "ng2-ace-editor": "^0.3.1",
      "ng2-select2": "^1.0.0-beta.11",
      "ngx-chips": "^1.6.3-rc.3",
      "ngx-clipboard": "^10.0.0",
      "rxjs": "^5.5.6",
      "zone.js": "^0.8.19"
    },
    "devDependencies": {
      "@angular/cli": "1.6.8",
      "@angular/compiler-cli": "^5.2.0",
      "@angular/language-service": "^5.2.0",
      "@types/jasmine": "~2.8.3",
      "@types/jasminewd2": "~2.0.2",
      "@types/node": "~6.0.60",
      "codelyzer": "^4.0.1",
      "jasmine-core": "~2.8.0",
      "jasmine-spec-reporter": "~4.2.1",
      "karma": "~2.0.0",
      "karma-chrome-launcher": "~2.2.0",
      "karma-coverage-istanbul-reporter": "^1.2.1",
      "karma-jasmine": "~1.1.0",
      "karma-jasmine-html-reporter": "^0.2.2",
      "protractor": "~5.1.2",
      "ts-node": "~4.1.0",
      "tslint": "~5.9.1",
      "typescript": "~2.5.3"
    }
  }

yarn manifest: 
  No manifest

Lockfile: 
  No lockfile

Trace: 
  Error: ENOENT: no such file or directory, copyfile '/Users/Farah/Library/Caches/Yarn/v1/npm-bcrypt-pbkdf-1.0.2-a4301d389b6a43f9b67ff3ca11a3f6637e360e9e/LICENSE' -> '/Users/Farah/Desktop/afsnippet/node_modules/bcrypt-pbkdf/LICENSE'
